<?xml version="1.0" encoding="UTF-8"?>
<testsuite name="MyApiCallingLogin" tests="1" skipped="0" failures="0" errors="0" timestamp="2023-10-03T09:05:11" hostname="DESKTOP-C84G9OU" time="2.291">
  <properties/>
  <testcase name="getUserme()" classname="MyApiCallingLogin" time="2.291"/>
  <system-out><![CDATA[Response Status Code: 200
Response Body: {"full_name":"Admin","email":"admin@gigatech.com","role":1,"phone_number":"01409552339","dob":"2005-12-14","gender":"Male","institution_name":"","qualification":"","status":2,"id":1,"created_at":"2023-08-31","updated_at":"2023-09-24","assigned_data_count":0,"validated_data_count":0}
Admin
]]></system-out>
  <system-err><![CDATA[]]></system-err>
</testsuite>
